#
# There is insufficient memory for the Java Runtime Environment to continue.
# Native memory allocation (malloc) failed to allocate 1048576 bytes for AllocateHeap
# Possible reasons:
#   The system is out of physical RAM or swap space
#   The process is running with CompressedOops enabled, and the Java Heap may be blocking the growth of the native heap
# Possible solutions:
#   Reduce memory load on the system
#   Increase physical memory or swap space
#   Check if swap backing store is full
#   Decrease Java heap size (-Xmx/-Xms)
#   Decrease number of Java threads
#   Decrease Java thread stack sizes (-Xss)
#   Set larger code cache with -XX:ReservedCodeCacheSize=
#   JVM is running with Unscaled Compressed Oops mode in which the Java heap is
#     placed in the first 4GB address space. The Java Heap base address is the
#     maximum limit for the native heap growth. Please use -XX:HeapBaseMinAddress
#     to set the Java Heap base and to place the Java Heap above 4GB virtual address.
# This output file may be truncated or incomplete.
#
#  Out of Memory Error (allocation.cpp:44), pid=16596, tid=22076
#
# JRE version:  (17.0.12+8) (build )
# Java VM: Java HotSpot(TM) 64-Bit Server VM (17.0.12+8-LTS-286, mixed mode, sharing, tiered, compressed oops, compressed class ptrs, g1 gc, windows-amd64)
# No core dump will be written. Minidumps are not enabled by default on client versions of Windows
#

---------------  S U M M A R Y ------------

Command Line: -javaagent:C:\Program Files\JetBrains\IntelliJ IDEA Community Edition 2025.1.4.1\lib\idea_rt.jar=50712 -Dfile.encoding=UTF-8 com.example.todolistapp.TodolistAppApplication

Host: 12th Gen Intel(R) Core(TM) i5-12450HX, 12 cores, 11G,  Windows 11 , 64 bit Build 26100 (10.0.26100.5074)
Time: Thu Oct  2 18:34:02 2025 India Standard Time elapsed time: 0.044001 seconds (0d 0h 0m 0s)

---------------  T H R E A D  ---------------

Current thread (0x00000277500c0940):  JavaThread "Unknown thread" [_thread_in_vm, id=22076, stack(0x000000ce36500000,0x000000ce36600000)]

Stack: [0x000000ce36500000,0x000000ce36600000]
Native frames: (J=compiled Java code, j=interpreted, Vv=VM code, C=native code)
V  [jvm.dll+0x67a04a]
V  [jvm.dll+0x7da4ed]
V  [jvm.dll+0x7dbe33]
V  [jvm.dll+0x7dc4a3]
V  [jvm.dll+0x24508f]
V  [jvm.dll+0xa5e2b]
V  [jvm.dll+0x2d4e37]
V  [jvm.dll+0x7ac9ec]
V  [jvm.dll+0x367591]
V  [jvm.dll+0x78b999]
V  [jvm.dll+0x3ec83f]
V  [jvm.dll+0x3ee471]
C  [jli.dll+0x5297]
C  [ucrtbase.dll+0x37b0]
C  [KERNEL32.DLL+0x2e8d7]
C  [ntdll.dll+0x8d9c]


---------------  P R O C E S S  ---------------

Threads class SMR info:
_java_thread_list=0x00007ffbfa6a7a18, length=0, elements={
}

Java Threads: ( => current thread )

Other Threads:

=>0x00000277500c0940 (exited) JavaThread "Unknown thread" [_thread_in_vm, id=22076, stack(0x000000ce36500000,0x000000ce36600000)]

Threads with active compile tasks:

VM state: not at safepoint (not fully initialized)

VM Mutex/Monitor currently owned by a thread: None

Heap address: 0x0000000000000000, size: 0 MB, Compressed Oops mode: 32-bit

CDS archive(s) mapped at: [0x0000000000000000-0x0000000000000000-0x0000000000000000), size 0, SharedBaseAddress: 0x0000000800000000, ArchiveRelocationMode: 1.
Narrow klass base: 0x0000000000000000, Narrow klass shift: 0, Narrow klass range: 0x0

GC Precious Log:
<Empty>

GC Heap History (0 events):
No events

Deoptimization events (0 events):
No events

Classes unloaded (0 events):
No events

Classes redefined (0 events):
No events

Internal exceptions (0 events):
No events

VM Operations (0 events):
No events

Events (1 events):
Event: 0.010 Loaded shared library C:\Program Files\Java\jdk-17\bin\java.dll


Dynamic libraries:
0x00007ff6bf260000 - 0x00007ff6bf270000 	C:\Program Files\Java\jdk-17\bin\java.exe
0x00007ffca8be0000 - 0x00007ffca8e49000 	C:\WINDOWS\SYSTEM32\ntdll.dll
0x00007ffca7c60000 - 0x00007ffca7d29000 	C:\WINDOWS\System32\KERNEL32.DLL
0x00007ffca65b0000 - 0x00007ffca69a3000 	C:\WINDOWS\System32\KERNELBASE.dll
0x00007ffca5d70000 - 0x00007ffca5ebb000 	C:\WINDOWS\System32\ucrtbase.dll
0x00007ffc7c730000 - 0x00007ffc7c749000 	C:\Program Files\Java\jdk-17\bin\jli.dll
0x00007ffca7f70000 - 0x00007ffca8024000 	C:\WINDOWS\System32\ADVAPI32.dll
0x00007ffc7c710000 - 0x00007ffc7c72b000 	C:\Program Files\Java\jdk-17\bin\VCRUNTIME140.dll
0x00007ffca76b0000 - 0x00007ffca7759000 	C:\WINDOWS\System32\msvcrt.dll
0x00007ffca6c30000 - 0x00007ffca6cd6000 	C:\WINDOWS\System32\sechost.dll
0x00007ffca69b0000 - 0x00007ffca6ac8000 	C:\WINDOWS\System32\RPCRT4.dll
0x00007ffca7da0000 - 0x00007ffca7f64000 	C:\WINDOWS\System32\USER32.dll
0x00007ffca60c0000 - 0x00007ffca60e7000 	C:\WINDOWS\System32\win32u.dll
0x00007ffca75f0000 - 0x00007ffca761b000 	C:\WINDOWS\System32\GDI32.dll
0x00007ffca6480000 - 0x00007ffca65ad000 	C:\WINDOWS\System32\gdi32full.dll
0x00007ffca5f80000 - 0x00007ffca6023000 	C:\WINDOWS\System32\msvcp_win.dll
0x00007ffc83d20000 - 0x00007ffc83fb3000 	C:\WINDOWS\WinSxS\amd64_microsoft.windows.common-controls_6595b64144ccf1df_6.0.26100.5074_none_3e0d6f78e32fd63f\COMCTL32.dll
0x00007ffc9a500000 - 0x00007ffc9a50b000 	C:\WINDOWS\SYSTEM32\VERSION.dll
0x00007ffca89f0000 - 0x00007ffca8a1f000 	C:\WINDOWS\System32\IMM32.DLL
0x00007ffc78fc0000 - 0x00007ffc790ab000 	C:\Program Files\Windhawk\Engine\1.5.1\64\windhawk.dll
0x00007ffc9b4c0000 - 0x00007ffc9b5df000 	C:\WINDOWS\SYSTEM32\WINHTTP.dll
0x00007ffc7fa20000 - 0x00007ffc7fa2c000 	C:\Program Files\Java\jdk-17\bin\vcruntime140_1.dll
0x00007ffc5a1b0000 - 0x00007ffc5a23e000 	C:\Program Files\Java\jdk-17\bin\msvcp140.dll
0x00007ffbf9bf0000 - 0x00007ffbfa7d0000 	C:\Program Files\Java\jdk-17\bin\server\jvm.dll
0x00007ffca7440000 - 0x00007ffca7448000 	C:\WINDOWS\System32\PSAPI.DLL
0x00007ffc9fe70000 - 0x00007ffc9fe7a000 	C:\WINDOWS\SYSTEM32\WSOCK32.dll
0x00007ffc9c3e0000 - 0x00007ffc9c415000 	C:\WINDOWS\SYSTEM32\WINMM.dll
0x00007ffca8970000 - 0x00007ffca89e4000 	C:\WINDOWS\System32\WS2_32.dll
0x00007ffca4c70000 - 0x00007ffca4c8b000 	C:\WINDOWS\SYSTEM32\kernel.appcore.dll
0x00007ffc7f790000 - 0x00007ffc7f79a000 	C:\Program Files\Java\jdk-17\bin\jimage.dll
0x00007ffca3540000 - 0x00007ffca3782000 	C:\WINDOWS\SYSTEM32\DBGHELP.DLL
0x00007ffca7760000 - 0x00007ffca7adb000 	C:\WINDOWS\System32\combase.dll
0x00007ffca8890000 - 0x00007ffca8967000 	C:\WINDOWS\System32\OLEAUT32.dll
0x00007ffc84d90000 - 0x00007ffc84dcd000 	C:\WINDOWS\SYSTEM32\dbgcore.DLL
0x00007ffca60f0000 - 0x00007ffca6189000 	C:\WINDOWS\System32\bcryptPrimitives.dll
0x00007ffc7ea70000 - 0x00007ffc7ea7e000 	C:\Program Files\Java\jdk-17\bin\instrument.dll
0x00007ffc7c1d0000 - 0x00007ffc7c1f5000 	C:\Program Files\Java\jdk-17\bin\java.dll

dbghelp: loaded successfully - version: 4.0.5 - missing functions: none
symbol engine: initialized successfully - sym options: 0x614 - pdb path: .;C:\Program Files\Java\jdk-17\bin;C:\WINDOWS\SYSTEM32;C:\WINDOWS\WinSxS\amd64_microsoft.windows.common-controls_6595b64144ccf1df_6.0.26100.5074_none_3e0d6f78e32fd63f;C:\Program Files\Windhawk\Engine\1.5.1\64;C:\Program Files\Java\jdk-17\bin\server

VM Arguments:
jvm_args: -javaagent:C:\Program Files\JetBrains\IntelliJ IDEA Community Edition 2025.1.4.1\lib\idea_rt.jar=50712 -Dfile.encoding=UTF-8 
java_command: com.example.todolistapp.TodolistAppApplication
java_class_path (initial): C:\Users\LOQ\.m2\repository\org\springframework\boot\spring-boot-starter-data-jpa\3.5.6\spring-boot-starter-data-jpa-3.5.6.jar;C:\Users\LOQ\.m2\repository\org\springframework\boot\spring-boot-starter\3.5.6\spring-boot-starter-3.5.6.jar;C:\Users\LOQ\.m2\repository\org\springframework\boot\spring-boot\3.5.6\spring-boot-3.5.6.jar;C:\Users\LOQ\.m2\repository\org\springframework\boot\spring-boot-autoconfigure\3.5.6\spring-boot-autoconfigure-3.5.6.jar;C:\Users\LOQ\.m2\repository\org\springframework\boot\spring-boot-starter-logging\3.5.6\spring-boot-starter-logging-3.5.6.jar;C:\Users\LOQ\.m2\repository\ch\qos\logback\logback-classic\1.5.18\logback-classic-1.5.18.jar;C:\Users\LOQ\.m2\repository\ch\qos\logback\logback-core\1.5.18\logback-core-1.5.18.jar;C:\Users\LOQ\.m2\repository\org\apache\logging\log4j\log4j-to-slf4j\2.24.3\log4j-to-slf4j-2.24.3.jar;C:\Users\LOQ\.m2\repository\org\apache\logging\log4j\log4j-api\2.24.3\log4j-api-2.24.3.jar;C:\Users\LOQ\.m2\repository\org\slf4j\jul-to-slf4j\2.0.17\jul-to-slf4j-2.0.17.jar;C:\Users\LOQ\.m2\repository\jakarta\annotation\jakarta.annotation-api\2.1.1\jakarta.annotation-api-2.1.1.jar;C:\Users\LOQ\.m2\repository\org\yaml\snakeyaml\2.4\snakeyaml-2.4.jar;C:\Users\LOQ\.m2\repository\org\springframework\boot\spring-boot-starter-jdbc\3.5.6\spring-boot-starter-jdbc-3.5.6.jar;C:\Users\LOQ\.m2\repository\com\zaxxer\HikariCP\6.3.3\HikariCP-6.3.3.jar;C:\Users\LOQ\.m2\repository\org\springframework\spring-jdbc\6.2.11\spring-jdbc-6.2.11.jar;C:\Users\LOQ\.m2\repository\org\hibernate\orm\hibernate-core\6.6.29.Final\hibernate-core-6.6.29.Final.jar;C:\Users\LOQ\.m2\repository\jakarta\persistence\jakarta.persistence-api\3.1.0\jakarta.persistence-api-3.1.0.jar;C:\Users\LOQ\.m2\repository\jakarta\transaction\jakarta.transaction-api\2.0.1\jakarta.transaction-api-2.0.1.jar;C:\Users\LOQ\.m2\repository\org\jboss\logging\jboss-logging\3.6.1.Final\jboss-logging-3.6.1.Final.jar;C:\Users\LOQ\.m2\repository\org\hibernate\common\h
Launcher Type: SUN_STANDARD

[Global flags]
     intx CICompilerCount                          = 4                                         {product} {ergonomic}
     uint ConcGCThreads                            = 3                                         {product} {ergonomic}
     uint G1ConcRefinementThreads                  = 10                                        {product} {ergonomic}
   size_t G1HeapRegionSize                         = 2097152                                   {product} {ergonomic}
    uintx GCDrainStackTargetSize                   = 64                                        {product} {ergonomic}
   size_t InitialHeapSize                          = 197132288                                 {product} {ergonomic}
   size_t MarkStackSize                            = 4194304                                   {product} {ergonomic}
   size_t MaxHeapSize                              = 3145728000                                {product} {ergonomic}
   size_t MinHeapDeltaBytes                        = 2097152                                   {product} {ergonomic}
   size_t MinHeapSize                              = 8388608                                   {product} {ergonomic}
    uintx NonNMethodCodeHeapSize                   = 5839372                                {pd product} {ergonomic}
    uintx NonProfiledCodeHeapSize                  = 122909434                              {pd product} {ergonomic}
    uintx ProfiledCodeHeapSize                     = 122909434                              {pd product} {ergonomic}
    uintx ReservedCodeCacheSize                    = 251658240                              {pd product} {ergonomic}
     bool SegmentedCodeCache                       = true                                      {product} {ergonomic}
   size_t SoftMaxHeapSize                          = 3145728000                             {manageable} {ergonomic}
     bool UseCompressedClassPointers               = true                           {product lp64_product} {ergonomic}
     bool UseCompressedOops                        = true                           {product lp64_product} {ergonomic}
     bool UseG1GC                                  = true                                      {product} {ergonomic}
     bool UseLargePagesIndividualAllocation        = false                                  {pd product} {ergonomic}

Logging:
Log output configuration:
 #0: stdout all=warning uptime,level,tags
 #1: stderr all=off uptime,level,tags

Environment Variables:
JAVA_HOME=C:\Program Files\Java\jdk-17
PATH=C:\Program Files\Common Files\Oracle\Java\javapath;C:\WINDOWS\system32;C:\WINDOWS;C:\WINDOWS\System32\Wbem;C:\WINDOWS\System32\WindowsPowerShell\v1.0\;C:\WINDOWS\System32\OpenSSH\;C:\Program Files (x86)\NVIDIA Corporation\PhysX\Common;C:\Program Files\NVIDIA Corporation\NVIDIA NvDLISR;C:\Program Files\MySQL\MySQL Server 8.0\bin;C:\Program Files\Java\jdk-17\bin;C:\Program Files\Git\cmd;C:\Program Files\nodejs\;C:\Users\LOQ\anaconda3;C:\Users\LOQ\anaconda3\Library\mingw-w64\bin;C:\Users\LOQ\anaconda3\Library\usr\bin;C:\Users\LOQ\anaconda3\Library\bin;C:\Users\LOQ\anaconda3\Scripts;C:\Program Files\MySQL\MySQL Shell 8.0\bin\;C:\Users\LOQ\AppData\Local\Programs\Python\Python313\Scripts\;C:\Users\LOQ\AppData\Local\Programs\Python\Python313\;C:\Users\LOQ\AppData\Local\Microsoft\WindowsApps;C:\Users\LOQ\AppData\Local\Programs\Microsoft VS Code\bin;C:\Program Files\PostgreSQL\17\bin;C:\MinGW\bin;C:\Program Files\JetBrains\IntelliJ IDEA Community Edition 2025.1.4.1\bin;;C:\Users\LOQ\AppData\Roaming\npm
USERNAME=LOQ
OS=Windows_NT
PROCESSOR_IDENTIFIER=Intel64 Family 6 Model 151 Stepping 2, GenuineIntel



---------------  S Y S T E M  ---------------

OS:
 Windows 11 , 64 bit Build 26100 (10.0.26100.5074)
OS uptime: 0 days 3:38 hours
Hyper-V role detected

CPU: total 12 (initial active 12) (6 cores per cpu, 2 threads per core) family 6 model 151 stepping 2 microcode 0x35, cx8, cmov, fxsr, ht, mmx, 3dnowpref, sse, sse2, sse3, ssse3, sse4.1, sse4.2, popcnt, lzcnt, tsc, tscinvbit, avx, avx2, aes, erms, clmul, bmi1, bmi2, adx, sha, fma, vzeroupper, clflush, clflushopt, clwb, hv

Memory: 4k page, system-wide physical 11995M (1884M free)
TotalPageFile size 16091M (AvailPageFile size 4M)
current process WorkingSet (physical memory assigned to process): 12M, peak: 12M
current process commit charge ("private bytes"): 17M, peak: 18M

vm_info: Java HotSpot(TM) 64-Bit Server VM (17.0.12+8-LTS-286) for windows-amd64 JRE (17.0.12+8-LTS-286), built on Jun  5 2024 06:46:59 by "mach5one" with MS VC++ 17.6 (VS2022)

END.
